2020-10-27 21:17:55.422  INFO 13044 --- [restartedMain] b.e.contacts.ContactsApplication         : Starting ContactsApplication on ACER with PID 13044 (E:\Labs\5_sem\CTPvInternet\contacts\target\classes started by User in E:\Labs\5_sem\CTPvInternet\contacts)
2020-10-27 21:17:55.671  INFO 13044 --- [restartedMain] b.e.contacts.ContactsApplication         : No active profile set, falling back to default profiles: default
2020-10-27 21:17:55.767  INFO 13044 --- [restartedMain] .e.DevToolsPropertyDefaultsPostProcessor : Devtools property defaults active! Set 'spring.devtools.add-properties' to 'false' to disable
2020-10-27 21:17:55.767  INFO 13044 --- [restartedMain] .e.DevToolsPropertyDefaultsPostProcessor : For additional web related logging consider setting the 'logging.level.web' property to 'DEBUG'
2020-10-27 21:17:56.973  INFO 13044 --- [restartedMain] .s.d.r.c.RepositoryConfigurationDelegate : Multiple Spring Data modules found, entering strict repository configuration mode!
2020-10-27 21:17:56.974  INFO 13044 --- [restartedMain] .s.d.r.c.RepositoryConfigurationDelegate : Bootstrapping Spring Data JDBC repositories in DEFAULT mode.
2020-10-27 21:17:57.024  INFO 13044 --- [restartedMain] .RepositoryConfigurationExtensionSupport : Spring Data JDBC - Could not safely identify store assignment for repository candidate interface by.ermakovich.contacts.repos.UserRepo. If you want this repository to be a JDBC repository, consider annotating your entities with one of these annotations: org.springframework.data.relational.core.mapping.Table.
2020-10-27 21:17:57.025  INFO 13044 --- [restartedMain] .s.d.r.c.RepositoryConfigurationDelegate : Finished Spring Data repository scanning in 43ms. Found 0 JDBC repository interfaces.
2020-10-27 21:17:57.035  INFO 13044 --- [restartedMain] .s.d.r.c.RepositoryConfigurationDelegate : Multiple Spring Data modules found, entering strict repository configuration mode!
2020-10-27 21:17:57.035  INFO 13044 --- [restartedMain] .s.d.r.c.RepositoryConfigurationDelegate : Bootstrapping Spring Data JPA repositories in DEFERRED mode.
2020-10-27 21:17:57.058  INFO 13044 --- [restartedMain] .s.d.r.c.RepositoryConfigurationDelegate : Finished Spring Data repository scanning in 19ms. Found 1 JPA repository interfaces.
2020-10-27 21:17:57.689  INFO 13044 --- [restartedMain] o.s.b.w.embedded.tomcat.TomcatWebServer  : Tomcat initialized with port(s): 8080 (http)
2020-10-27 21:17:57.702  INFO 13044 --- [restartedMain] o.apache.catalina.core.StandardService   : Starting service [Tomcat]
2020-10-27 21:17:57.702  INFO 13044 --- [restartedMain] org.apache.catalina.core.StandardEngine  : Starting Servlet engine: [Apache Tomcat/9.0.38]
2020-10-27 21:18:03.356  INFO 13044 --- [restartedMain] o.a.c.c.C.[Tomcat].[localhost].[/]       : Initializing Spring embedded WebApplicationContext
2020-10-27 21:18:03.357  INFO 13044 --- [restartedMain] w.s.c.ServletWebServerApplicationContext : Root WebApplicationContext: initialization completed in 7589 ms
2020-10-27 21:18:03.400  INFO 13044 --- [restartedMain] com.zaxxer.hikari.HikariDataSource       : HikariPool-1 - Starting...
2020-10-27 21:18:12.348  INFO 13044 --- [restartedMain] com.zaxxer.hikari.HikariDataSource       : HikariPool-1 - Start completed.
2020-10-27 21:18:12.353  INFO 13044 --- [restartedMain] o.s.b.a.h2.H2ConsoleAutoConfiguration    : H2 console available at '/h2-console'. Database available at 'jdbc:postgresql://localhost:5432/contacts'
2020-10-27 21:18:12.550  INFO 13044 --- [restartedMain] o.s.s.concurrent.ThreadPoolTaskExecutor  : Initializing ExecutorService 'applicationTaskExecutor'
2020-10-27 21:18:12.612  INFO 13044 --- [task-1] o.hibernate.jpa.internal.util.LogHelper  : HHH000204: Processing PersistenceUnitInfo [name: default]
2020-10-27 21:18:12.627  WARN 13044 --- [restartedMain] org.thymeleaf.templatemode.TemplateMode  : [THYMELEAF][restartedMain] Template Mode 'HTML5' is deprecated. Using Template Mode 'HTML' instead.
2020-10-27 21:18:12.831  INFO 13044 --- [task-1] org.hibernate.Version                    : HHH000412: Hibernate ORM core version 5.4.21.Final
2020-10-27 21:18:12.852  WARN 13044 --- [restartedMain] JpaBaseConfiguration$JpaWebConfiguration : spring.jpa.open-in-view is enabled by default. Therefore, database queries may be performed during view rendering. Explicitly configure spring.jpa.open-in-view to disable this warning
2020-10-27 21:18:13.335  INFO 13044 --- [task-1] o.hibernate.annotations.common.Version   : HCANN000001: Hibernate Commons Annotations {5.1.0.Final}
2020-10-27 21:18:13.651  INFO 13044 --- [task-1] org.hibernate.dialect.Dialect            : HHH000400: Using dialect: org.hibernate.dialect.PostgreSQL10Dialect
2020-10-27 21:18:19.630  INFO 13044 --- [restartedMain] o.s.b.d.a.OptionalLiveReloadServer       : LiveReload server is running on port 35729
2020-10-27 21:18:19.681  INFO 13044 --- [restartedMain] o.s.b.w.embedded.tomcat.TomcatWebServer  : Tomcat started on port(s): 8080 (http) with context path ''
2020-10-27 21:18:19.683  INFO 13044 --- [restartedMain] DeferredRepositoryInitializationListener : Triggering deferred initialization of Spring Data repositories…
2020-10-27 21:18:42.525  INFO 13044 --- [http-nio-8080-exec-1] o.a.c.c.C.[Tomcat].[localhost].[/]       : Initializing Spring DispatcherServlet 'dispatcherServlet'
2020-10-27 21:18:50.421  INFO 13044 --- [task-1] o.h.e.t.j.p.i.JtaPlatformInitiator       : HHH000490: Using JtaPlatform implementation: [org.hibernate.engine.transaction.jta.platform.internal.NoJtaPlatform]
2020-10-27 21:18:50.426  INFO 13044 --- [task-1] j.LocalContainerEntityManagerFactoryBean : Initialized JPA EntityManagerFactory for persistence unit 'default'
2020-10-27 21:18:50.562  INFO 13044 --- [restartedMain] DeferredRepositoryInitializationListener : Spring Data repositories initialized!
2020-10-27 21:18:50.573  INFO 13044 --- [restartedMain] b.e.contacts.ContactsApplication         : Started ContactsApplication in 55.569 seconds (JVM running for 56.574)
2020-10-27 21:21:14.665  INFO 6580 --- [restartedMain] b.e.contacts.ContactsApplication         : Starting ContactsApplication on ACER with PID 6580 (E:\Labs\5_sem\CTPvInternet\contacts\target\classes started by User in E:\Labs\5_sem\CTPvInternet\contacts)
2020-10-27 21:21:14.672  INFO 6580 --- [restartedMain] b.e.contacts.ContactsApplication         : No active profile set, falling back to default profiles: default
2020-10-27 21:21:14.799  INFO 6580 --- [restartedMain] .e.DevToolsPropertyDefaultsPostProcessor : Devtools property defaults active! Set 'spring.devtools.add-properties' to 'false' to disable
2020-10-27 21:21:14.799  INFO 6580 --- [restartedMain] .e.DevToolsPropertyDefaultsPostProcessor : For additional web related logging consider setting the 'logging.level.web' property to 'DEBUG'
2020-10-27 21:21:15.372  INFO 6580 --- [restartedMain] .s.d.r.c.RepositoryConfigurationDelegate : Multiple Spring Data modules found, entering strict repository configuration mode!
2020-10-27 21:21:15.372  INFO 6580 --- [restartedMain] .s.d.r.c.RepositoryConfigurationDelegate : Bootstrapping Spring Data JDBC repositories in DEFAULT mode.
2020-10-27 21:21:15.397  INFO 6580 --- [restartedMain] .RepositoryConfigurationExtensionSupport : Spring Data JDBC - Could not safely identify store assignment for repository candidate interface by.ermakovich.contacts.repos.UserRepo. If you want this repository to be a JDBC repository, consider annotating your entities with one of these annotations: org.springframework.data.relational.core.mapping.Table.
2020-10-27 21:21:15.398  INFO 6580 --- [restartedMain] .s.d.r.c.RepositoryConfigurationDelegate : Finished Spring Data repository scanning in 22ms. Found 0 JDBC repository interfaces.
2020-10-27 21:21:15.405  INFO 6580 --- [restartedMain] .s.d.r.c.RepositoryConfigurationDelegate : Multiple Spring Data modules found, entering strict repository configuration mode!
2020-10-27 21:21:15.405  INFO 6580 --- [restartedMain] .s.d.r.c.RepositoryConfigurationDelegate : Bootstrapping Spring Data JPA repositories in DEFERRED mode.
2020-10-27 21:21:15.424  INFO 6580 --- [restartedMain] .s.d.r.c.RepositoryConfigurationDelegate : Finished Spring Data repository scanning in 16ms. Found 1 JPA repository interfaces.
2020-10-27 21:21:15.880  INFO 6580 --- [restartedMain] o.s.b.w.embedded.tomcat.TomcatWebServer  : Tomcat initialized with port(s): 8080 (http)
2020-10-27 21:21:15.886  INFO 6580 --- [restartedMain] o.apache.catalina.core.StandardService   : Starting service [Tomcat]
2020-10-27 21:21:15.887  INFO 6580 --- [restartedMain] org.apache.catalina.core.StandardEngine  : Starting Servlet engine: [Apache Tomcat/9.0.38]
2020-10-27 21:21:15.954  INFO 6580 --- [restartedMain] o.a.c.c.C.[Tomcat].[localhost].[/]       : Initializing Spring embedded WebApplicationContext
2020-10-27 21:21:15.954  INFO 6580 --- [restartedMain] w.s.c.ServletWebServerApplicationContext : Root WebApplicationContext: initialization completed in 1154 ms
2020-10-27 21:21:15.986  INFO 6580 --- [restartedMain] com.zaxxer.hikari.HikariDataSource       : HikariPool-1 - Starting...
2020-10-27 21:21:16.104  INFO 6580 --- [restartedMain] com.zaxxer.hikari.HikariDataSource       : HikariPool-1 - Start completed.
2020-10-27 21:21:16.109  INFO 6580 --- [restartedMain] o.s.b.a.h2.H2ConsoleAutoConfiguration    : H2 console available at '/h2-console'. Database available at 'jdbc:postgresql://localhost:5432/contacts'
2020-10-27 21:21:16.239  INFO 6580 --- [restartedMain] o.s.s.concurrent.ThreadPoolTaskExecutor  : Initializing ExecutorService 'applicationTaskExecutor'
2020-10-27 21:21:16.269  INFO 6580 --- [task-1] o.hibernate.jpa.internal.util.LogHelper  : HHH000204: Processing PersistenceUnitInfo [name: default]
2020-10-27 21:21:16.280  WARN 6580 --- [restartedMain] org.thymeleaf.templatemode.TemplateMode  : [THYMELEAF][restartedMain] Template Mode 'HTML5' is deprecated. Using Template Mode 'HTML' instead.
2020-10-27 21:21:16.309  INFO 6580 --- [task-1] org.hibernate.Version                    : HHH000412: Hibernate ORM core version 5.4.21.Final
2020-10-27 21:21:16.338  WARN 6580 --- [restartedMain] JpaBaseConfiguration$JpaWebConfiguration : spring.jpa.open-in-view is enabled by default. Therefore, database queries may be performed during view rendering. Explicitly configure spring.jpa.open-in-view to disable this warning
2020-10-27 21:21:16.424  INFO 6580 --- [task-1] o.hibernate.annotations.common.Version   : HCANN000001: Hibernate Commons Annotations {5.1.0.Final}
2020-10-27 21:21:16.503  INFO 6580 --- [task-1] org.hibernate.dialect.Dialect            : HHH000400: Using dialect: org.hibernate.dialect.PostgreSQL10Dialect
2020-10-27 21:21:16.720  INFO 6580 --- [restartedMain] o.s.b.d.a.OptionalLiveReloadServer       : LiveReload server is running on port 35729
2020-10-27 21:21:16.760  INFO 6580 --- [restartedMain] o.s.b.w.embedded.tomcat.TomcatWebServer  : Tomcat started on port(s): 8080 (http) with context path ''
2020-10-27 21:21:16.764  INFO 6580 --- [restartedMain] DeferredRepositoryInitializationListener : Triggering deferred initialization of Spring Data repositories…
2020-10-27 21:21:16.965  INFO 6580 --- [task-1] o.h.e.t.j.p.i.JtaPlatformInitiator       : HHH000490: Using JtaPlatform implementation: [org.hibernate.engine.transaction.jta.platform.internal.NoJtaPlatform]
2020-10-27 21:21:16.969  INFO 6580 --- [task-1] j.LocalContainerEntityManagerFactoryBean : Initialized JPA EntityManagerFactory for persistence unit 'default'
2020-10-27 21:21:17.053  INFO 6580 --- [restartedMain] DeferredRepositoryInitializationListener : Spring Data repositories initialized!
2020-10-27 21:21:17.062  INFO 6580 --- [restartedMain] b.e.contacts.ContactsApplication         : Started ContactsApplication in 3.088 seconds (JVM running for 3.874)
2020-10-27 21:21:27.305  INFO 6580 --- [http-nio-8080-exec-1] o.a.c.c.C.[Tomcat].[localhost].[/]       : Initializing Spring DispatcherServlet 'dispatcherServlet'
2020-10-27 21:21:27.341  INFO 6580 --- [http-nio-8080-exec-1] b.e.c.controller.ContactsController      : User request all contacts
